Performing C SOURCE FILE Test CMAKE_HAVE_LIBC_PTHREAD failed with the following output:
Change Dir: /home/wheeltec/lierrong_ws/src/point_lio_ros2/build/point_lio/CMakeFiles/CMakeTmp

Run Build Command(s):/usr/bin/make cmTC_8207d/fast && /usr/bin/make -f CMakeFiles/cmTC_8207d.dir/build.make CMakeFiles/cmTC_8207d.dir/build
make[1]: Entering directory '/home/wheeltec/lierrong_ws/src/point_lio_ros2/build/point_lio/CMakeFiles/CMakeTmp'
Building C object CMakeFiles/cmTC_8207d.dir/src.c.o
/usr/bin/cc   -fexceptions -DCMAKE_HAVE_LIBC_PTHREAD   -o CMakeFiles/cmTC_8207d.dir/src.c.o   -c /home/wheeltec/lierrong_ws/src/point_lio_ros2/build/point_lio/CMakeFiles/CMakeTmp/src.c
Linking C executable cmTC_8207d
/usr/bin/cmake -E cmake_link_script CMakeFiles/cmTC_8207d.dir/link.txt --verbose=1
/usr/bin/cc  -fexceptions -DCMAKE_HAVE_LIBC_PTHREAD    CMakeFiles/cmTC_8207d.dir/src.c.o  -o cmTC_8207d 
/usr/bin/ld: CMakeFiles/cmTC_8207d.dir/src.c.o: in function `main':
src.c:(.text+0x48): undefined reference to `pthread_create'
/usr/bin/ld: src.c:(.text+0x50): undefined reference to `pthread_detach'
/usr/bin/ld: src.c:(.text+0x5c): undefined reference to `pthread_join'
collect2: error: ld returned 1 exit status
make[1]: *** [CMakeFiles/cmTC_8207d.dir/build.make:87: cmTC_8207d] Error 1
make[1]: Leaving directory '/home/wheeltec/lierrong_ws/src/point_lio_ros2/build/point_lio/CMakeFiles/CMakeTmp'
make: *** [Makefile:121: cmTC_8207d/fast] Error 2


Source file was:
#include <pthread.h>

void* test_func(void* data)
{
  return data;
}

int main(void)
{
  pthread_t thread;
  pthread_create(&thread, NULL, test_func, NULL);
  pthread_detach(thread);
  pthread_join(thread, NULL);
  pthread_atfork(NULL, NULL, NULL);
  pthread_exit(NULL);

  return 0;
}

Determining if the function pthread_create exists in the pthreads failed with the following output:
Change Dir: /home/wheeltec/lierrong_ws/src/point_lio_ros2/build/point_lio/CMakeFiles/CMakeTmp

Run Build Command(s):/usr/bin/make cmTC_714ff/fast && /usr/bin/make -f CMakeFiles/cmTC_714ff.dir/build.make CMakeFiles/cmTC_714ff.dir/build
make[1]: Entering directory '/home/wheeltec/lierrong_ws/src/point_lio_ros2/build/point_lio/CMakeFiles/CMakeTmp'
Building C object CMakeFiles/cmTC_714ff.dir/CheckFunctionExists.c.o
/usr/bin/cc   -fexceptions -DCHECK_FUNCTION_EXISTS=pthread_create   -o CMakeFiles/cmTC_714ff.dir/CheckFunctionExists.c.o   -c /usr/share/cmake-3.16/Modules/CheckFunctionExists.c
Linking C executable cmTC_714ff
/usr/bin/cmake -E cmake_link_script CMakeFiles/cmTC_714ff.dir/link.txt --verbose=1
/usr/bin/cc  -fexceptions -DCHECK_FUNCTION_EXISTS=pthread_create    CMakeFiles/cmTC_714ff.dir/CheckFunctionExists.c.o  -o cmTC_714ff  -lpthreads 
/usr/bin/ld: cannot find -lpthreads
collect2: error: ld returned 1 exit status
make[1]: *** [CMakeFiles/cmTC_714ff.dir/build.make:87: cmTC_714ff] Error 1
make[1]: Leaving directory '/home/wheeltec/lierrong_ws/src/point_lio_ros2/build/point_lio/CMakeFiles/CMakeTmp'
make: *** [Makefile:121: cmTC_714ff/fast] Error 2



