[0.525s] DEBUG:colcon:Command line arguments: ['/usr/bin/colcon', 'build', '--packages-select', 'point_lio']
[0.526s] DEBUG:colcon:Parsed command line arguments: Namespace(allow_overriding=[], ament_cmake_args=None, base_paths=['.'], build_base='build', catkin_cmake_args=None, catkin_skip_building_tests=False, cmake_args=None, cmake_clean_cache=False, cmake_clean_first=False, cmake_force_configure=False, cmake_target=None, cmake_target_skip_unavailable=False, continue_on_error=False, event_handlers=None, executor='parallel', ignore_user_meta=False, install_base='install', log_base=None, log_level=None, main=<bound method BuildVerb.main of <colcon_core.verb.build.BuildVerb object at 0xffffa02b1310>>, merge_install=False, metas=['./colcon.meta'], packages_above=None, packages_above_and_dependencies=None, packages_above_depth=None, packages_end=None, packages_ignore=None, packages_ignore_regex=None, packages_select=['point_lio'], packages_select_build_failed=False, packages_select_by_dep=None, packages_select_regex=None, packages_select_test_failures=False, packages_skip=None, packages_skip_build_finished=False, packages_skip_by_dep=None, packages_skip_regex=None, packages_skip_test_passed=False, packages_skip_up_to=None, packages_start=None, packages_up_to=None, packages_up_to_regex=None, parallel_workers=6, paths=None, symlink_install=False, test_result_base=None, verb_extension=<colcon_core.verb.build.BuildVerb object at 0xffffa02b1310>, verb_name='build', verb_parser=<colcon_defaults.argument_parser.defaults.DefaultArgumentsDecorator object at 0xffffa0157be0>)
[1.032s] Level 1:colcon.colcon_core.package_discovery:discover_packages(colcon_meta) check parameters
[1.032s] Level 1:colcon.colcon_core.package_discovery:discover_packages(recursive) check parameters
[1.032s] Level 1:colcon.colcon_core.package_discovery:discover_packages(ignore) check parameters
[1.033s] Level 1:colcon.colcon_core.package_discovery:discover_packages(path) check parameters
[1.033s] Level 1:colcon.colcon_core.package_discovery:discover_packages(colcon_meta) discover
[1.033s] Level 1:colcon.colcon_core.package_discovery:discover_packages(recursive) discover
[1.033s] INFO:colcon.colcon_core.package_discovery:Crawling recursively for packages in '/home/wheeltec/lierrong_ws/src/point_lio_ros2'
[1.034s] Level 1:colcon.colcon_core.package_identification:_identify(.) by extensions ['ignore', 'ignore_ament_install']
[1.034s] Level 1:colcon.colcon_core.package_identification:_identify(.) by extension 'ignore'
[1.034s] Level 1:colcon.colcon_core.package_identification:_identify(.) by extension 'ignore_ament_install'
[1.035s] Level 1:colcon.colcon_core.package_identification:_identify(.) by extensions ['colcon_pkg']
[1.035s] Level 1:colcon.colcon_core.package_identification:_identify(.) by extension 'colcon_pkg'
[1.035s] Level 1:colcon.colcon_core.package_identification:_identify(.) by extensions ['colcon_meta']
[1.035s] Level 1:colcon.colcon_core.package_identification:_identify(.) by extension 'colcon_meta'
[1.036s] Level 1:colcon.colcon_core.package_identification:_identify(.) by extensions ['ros']
[1.036s] Level 1:colcon.colcon_core.package_identification:_identify(.) by extension 'ros'
[1.063s] DEBUG:colcon.colcon_core.package_identification:Package '.' with type 'ros.ament_cmake' and name 'point_lio'
[1.064s] Level 1:colcon.colcon_core.package_discovery:discover_packages(recursive) using defaults
[1.064s] Level 1:colcon.colcon_core.package_discovery:discover_packages(ignore) discover
[1.064s] Level 1:colcon.colcon_core.package_discovery:discover_packages(ignore) using defaults
[1.065s] Level 1:colcon.colcon_core.package_discovery:discover_packages(path) discover
[1.065s] Level 1:colcon.colcon_core.package_discovery:discover_packages(path) using defaults
[1.123s] Level 1:colcon.colcon_core.package_discovery:discover_packages(prefix_path) check parameters
[1.124s] Level 1:colcon.colcon_core.package_discovery:discover_packages(prefix_path) discover
[1.163s] DEBUG:colcon.colcon_installed_package_information.package_discovery:Found 18 installed packages in /home/wheeltec/lierrong_ws/install
[1.174s] DEBUG:colcon.colcon_installed_package_information.package_discovery:Found 1076 installed packages in /opt/ros/foxy
[1.185s] Level 1:colcon.colcon_core.package_discovery:discover_packages(prefix_path) using defaults
[2.050s] Level 5:colcon.colcon_core.verb:set package 'point_lio' build argument 'cmake_args' from command line to 'None'
[2.050s] Level 5:colcon.colcon_core.verb:set package 'point_lio' build argument 'cmake_target' from command line to 'None'
[2.050s] Level 5:colcon.colcon_core.verb:set package 'point_lio' build argument 'cmake_target_skip_unavailable' from command line to 'False'
[2.050s] Level 5:colcon.colcon_core.verb:set package 'point_lio' build argument 'cmake_clean_cache' from command line to 'False'
[2.050s] Level 5:colcon.colcon_core.verb:set package 'point_lio' build argument 'cmake_clean_first' from command line to 'False'
[2.050s] Level 5:colcon.colcon_core.verb:set package 'point_lio' build argument 'cmake_force_configure' from command line to 'False'
[2.050s] Level 5:colcon.colcon_core.verb:set package 'point_lio' build argument 'ament_cmake_args' from command line to 'None'
[2.051s] Level 5:colcon.colcon_core.verb:set package 'point_lio' build argument 'catkin_cmake_args' from command line to 'None'
[2.051s] Level 5:colcon.colcon_core.verb:set package 'point_lio' build argument 'catkin_skip_building_tests' from command line to 'False'
[2.051s] DEBUG:colcon.colcon_core.verb:Building package 'point_lio' with the following arguments: {'ament_cmake_args': None, 'build_base': '/home/wheeltec/lierrong_ws/src/point_lio_ros2/build/point_lio', 'catkin_cmake_args': None, 'catkin_skip_building_tests': False, 'cmake_args': None, 'cmake_clean_cache': False, 'cmake_clean_first': False, 'cmake_force_configure': False, 'cmake_target': None, 'cmake_target_skip_unavailable': False, 'install_base': '/home/wheeltec/lierrong_ws/src/point_lio_ros2/install/point_lio', 'merge_install': False, 'path': '/home/wheeltec/lierrong_ws/src/point_lio_ros2', 'symlink_install': False, 'test_result_base': None}
[2.051s] INFO:colcon.colcon_core.executor:Executing jobs using 'parallel' executor
[2.056s] DEBUG:colcon.colcon_parallel_executor.executor.parallel:run_until_complete
[2.057s] INFO:colcon.colcon_ros.task.ament_cmake.build:Building ROS package in '/home/wheeltec/lierrong_ws/src/point_lio_ros2' with build type 'ament_cmake'
[2.058s] INFO:colcon.colcon_cmake.task.cmake.build:Building CMake package in '/home/wheeltec/lierrong_ws/src/point_lio_ros2'
[2.067s] INFO:colcon.colcon_core.plugin_system:Skipping extension 'colcon_core.shell.bat': Not used on non-Windows systems
[2.068s] INFO:colcon.colcon_core.shell:Skip shell extension 'powershell' for command environment: Not usable outside of PowerShell
[2.068s] DEBUG:colcon.colcon_core.shell:Skip shell extension 'dsv' for command environment
[2.110s] DEBUG:colcon.colcon_core.event_handler.log_command:Invoking command in '/home/wheeltec/lierrong_ws/src/point_lio_ros2/build/point_lio': CMAKE_PREFIX_PATH=${CMAKE_PREFIX_PATH}:/opt/ros/foxy /usr/bin/cmake /home/wheeltec/lierrong_ws/src/point_lio_ros2 -DCMAKE_INSTALL_PREFIX=/home/wheeltec/lierrong_ws/src/point_lio_ros2/install/point_lio
[12.830s] DEBUG:colcon.colcon_core.event_handler.log_command:Invoked command in '/home/wheeltec/lierrong_ws/src/point_lio_ros2/build/point_lio' returned '0': CMAKE_PREFIX_PATH=${CMAKE_PREFIX_PATH}:/opt/ros/foxy /usr/bin/cmake /home/wheeltec/lierrong_ws/src/point_lio_ros2 -DCMAKE_INSTALL_PREFIX=/home/wheeltec/lierrong_ws/src/point_lio_ros2/install/point_lio
[12.832s] DEBUG:colcon.colcon_core.event_handler.log_command:Invoking command in '/home/wheeltec/lierrong_ws/src/point_lio_ros2/build/point_lio': CMAKE_PREFIX_PATH=${CMAKE_PREFIX_PATH}:/opt/ros/foxy /usr/bin/cmake --build /home/wheeltec/lierrong_ws/src/point_lio_ros2/build/point_lio -- -j6 -l6
[125.966s] DEBUG:colcon.colcon_core.event_handler.log_command:Invoked command in '/home/wheeltec/lierrong_ws/src/point_lio_ros2/build/point_lio' returned '0': CMAKE_PREFIX_PATH=${CMAKE_PREFIX_PATH}:/opt/ros/foxy /usr/bin/cmake --build /home/wheeltec/lierrong_ws/src/point_lio_ros2/build/point_lio -- -j6 -l6
[125.999s] DEBUG:colcon.colcon_core.event_handler.log_command:Invoking command in '/home/wheeltec/lierrong_ws/src/point_lio_ros2/build/point_lio': CMAKE_PREFIX_PATH=${CMAKE_PREFIX_PATH}:/opt/ros/foxy /usr/bin/cmake --install /home/wheeltec/lierrong_ws/src/point_lio_ros2/build/point_lio
[126.042s] Level 1:colcon.colcon_core.environment:create_environment_scripts_only(point_lio)
[126.043s] DEBUG:colcon.colcon_core.event_handler.log_command:Invoked command in '/home/wheeltec/lierrong_ws/src/point_lio_ros2/build/point_lio' returned '0': CMAKE_PREFIX_PATH=${CMAKE_PREFIX_PATH}:/opt/ros/foxy /usr/bin/cmake --install /home/wheeltec/lierrong_ws/src/point_lio_ros2/build/point_lio
[126.053s] Level 1:colcon.colcon_core.environment:checking '/home/wheeltec/lierrong_ws/src/point_lio_ros2/install/point_lio' for CMake module files
[126.054s] Level 1:colcon.colcon_core.environment:checking '/home/wheeltec/lierrong_ws/src/point_lio_ros2/install/point_lio' for CMake config files
[126.054s] Level 1:colcon.colcon_core.shell:create_environment_hook('point_lio', 'cmake_prefix_path')
[126.055s] INFO:colcon.colcon_core.shell:Creating environment hook '/home/wheeltec/lierrong_ws/src/point_lio_ros2/install/point_lio/share/point_lio/hook/cmake_prefix_path.ps1'
[126.057s] INFO:colcon.colcon_core.shell:Creating environment descriptor '/home/wheeltec/lierrong_ws/src/point_lio_ros2/install/point_lio/share/point_lio/hook/cmake_prefix_path.dsv'
[126.058s] INFO:colcon.colcon_core.shell:Creating environment hook '/home/wheeltec/lierrong_ws/src/point_lio_ros2/install/point_lio/share/point_lio/hook/cmake_prefix_path.sh'
[126.060s] Level 1:colcon.colcon_core.environment:checking '/home/wheeltec/lierrong_ws/src/point_lio_ros2/install/point_lio/lib'
[126.060s] Level 1:colcon.colcon_core.environment:checking '/home/wheeltec/lierrong_ws/src/point_lio_ros2/install/point_lio/bin'
[126.060s] Level 1:colcon.colcon_core.environment:checking '/home/wheeltec/lierrong_ws/src/point_lio_ros2/install/point_lio/lib/pkgconfig/point_lio.pc'
[126.061s] Level 1:colcon.colcon_core.environment:checking '/home/wheeltec/lierrong_ws/src/point_lio_ros2/install/point_lio/lib/python3.8/site-packages'
[126.061s] Level 1:colcon.colcon_core.environment:checking '/home/wheeltec/lierrong_ws/src/point_lio_ros2/install/point_lio/bin'
[126.062s] INFO:colcon.colcon_core.shell:Creating package script '/home/wheeltec/lierrong_ws/src/point_lio_ros2/install/point_lio/share/point_lio/package.ps1'
[126.063s] INFO:colcon.colcon_core.shell:Creating package descriptor '/home/wheeltec/lierrong_ws/src/point_lio_ros2/install/point_lio/share/point_lio/package.dsv'
[126.064s] INFO:colcon.colcon_core.shell:Creating package script '/home/wheeltec/lierrong_ws/src/point_lio_ros2/install/point_lio/share/point_lio/package.sh'
[126.066s] INFO:colcon.colcon_core.shell:Creating package script '/home/wheeltec/lierrong_ws/src/point_lio_ros2/install/point_lio/share/point_lio/package.bash'
[126.068s] INFO:colcon.colcon_core.shell:Creating package script '/home/wheeltec/lierrong_ws/src/point_lio_ros2/install/point_lio/share/point_lio/package.zsh'
[126.069s] Level 1:colcon.colcon_core.environment:create_file_with_runtime_dependencies(/home/wheeltec/lierrong_ws/src/point_lio_ros2/install/point_lio/share/colcon-core/packages/point_lio)
[126.070s] Level 1:colcon.colcon_core.environment:create_environment_scripts_only(point_lio)
[126.071s] Level 1:colcon.colcon_core.environment:checking '/home/wheeltec/lierrong_ws/src/point_lio_ros2/install/point_lio' for CMake module files
[126.072s] Level 1:colcon.colcon_core.environment:checking '/home/wheeltec/lierrong_ws/src/point_lio_ros2/install/point_lio' for CMake config files
[126.072s] Level 1:colcon.colcon_core.shell:create_environment_hook('point_lio', 'cmake_prefix_path')
[126.072s] INFO:colcon.colcon_core.shell:Creating environment hook '/home/wheeltec/lierrong_ws/src/point_lio_ros2/install/point_lio/share/point_lio/hook/cmake_prefix_path.ps1'
[126.073s] INFO:colcon.colcon_core.shell:Creating environment descriptor '/home/wheeltec/lierrong_ws/src/point_lio_ros2/install/point_lio/share/point_lio/hook/cmake_prefix_path.dsv'
[126.074s] INFO:colcon.colcon_core.shell:Creating environment hook '/home/wheeltec/lierrong_ws/src/point_lio_ros2/install/point_lio/share/point_lio/hook/cmake_prefix_path.sh'
[126.074s] Level 1:colcon.colcon_core.environment:checking '/home/wheeltec/lierrong_ws/src/point_lio_ros2/install/point_lio/lib'
[126.075s] Level 1:colcon.colcon_core.environment:checking '/home/wheeltec/lierrong_ws/src/point_lio_ros2/install/point_lio/bin'
[126.075s] Level 1:colcon.colcon_core.environment:checking '/home/wheeltec/lierrong_ws/src/point_lio_ros2/install/point_lio/lib/pkgconfig/point_lio.pc'
[126.075s] Level 1:colcon.colcon_core.environment:checking '/home/wheeltec/lierrong_ws/src/point_lio_ros2/install/point_lio/lib/python3.8/site-packages'
[126.075s] Level 1:colcon.colcon_core.environment:checking '/home/wheeltec/lierrong_ws/src/point_lio_ros2/install/point_lio/bin'
[126.076s] INFO:colcon.colcon_core.shell:Creating package script '/home/wheeltec/lierrong_ws/src/point_lio_ros2/install/point_lio/share/point_lio/package.ps1'
[126.077s] INFO:colcon.colcon_core.shell:Creating package descriptor '/home/wheeltec/lierrong_ws/src/point_lio_ros2/install/point_lio/share/point_lio/package.dsv'
[126.078s] INFO:colcon.colcon_core.shell:Creating package script '/home/wheeltec/lierrong_ws/src/point_lio_ros2/install/point_lio/share/point_lio/package.sh'
[126.078s] INFO:colcon.colcon_core.shell:Creating package script '/home/wheeltec/lierrong_ws/src/point_lio_ros2/install/point_lio/share/point_lio/package.bash'
[126.079s] INFO:colcon.colcon_core.shell:Creating package script '/home/wheeltec/lierrong_ws/src/point_lio_ros2/install/point_lio/share/point_lio/package.zsh'
[126.080s] Level 1:colcon.colcon_core.environment:create_file_with_runtime_dependencies(/home/wheeltec/lierrong_ws/src/point_lio_ros2/install/point_lio/share/colcon-core/packages/point_lio)
[126.080s] DEBUG:colcon.colcon_parallel_executor.executor.parallel:closing loop
[126.081s] DEBUG:colcon.colcon_parallel_executor.executor.parallel:loop closed
[126.082s] DEBUG:colcon.colcon_parallel_executor.executor.parallel:run_until_complete finished with '0'
[126.082s] DEBUG:colcon.colcon_core.event_reactor:joining thread
[126.097s] INFO:colcon.colcon_core.plugin_system:Skipping extension 'colcon_notification.desktop_notification.terminal_notifier': Not used on non-Darwin systems
[126.097s] INFO:colcon.colcon_core.plugin_system:Skipping extension 'colcon_notification.desktop_notification.win32': Not used on non-Windows systems
[126.097s] INFO:colcon.colcon_notification.desktop_notification:Sending desktop notification using 'notify2'
[126.158s] DEBUG:colcon.colcon_core.event_reactor:joined thread
[126.159s] INFO:colcon.colcon_core.shell:Creating prefix script '/home/wheeltec/lierrong_ws/src/point_lio_ros2/install/local_setup.ps1'
[126.161s] INFO:colcon.colcon_core.shell:Creating prefix util module '/home/wheeltec/lierrong_ws/src/point_lio_ros2/install/_local_setup_util_ps1.py'
[126.164s] INFO:colcon.colcon_core.shell:Creating prefix chain script '/home/wheeltec/lierrong_ws/src/point_lio_ros2/install/setup.ps1'
[126.171s] INFO:colcon.colcon_core.shell:Creating prefix script '/home/wheeltec/lierrong_ws/src/point_lio_ros2/install/local_setup.sh'
[126.172s] INFO:colcon.colcon_core.shell:Creating prefix util module '/home/wheeltec/lierrong_ws/src/point_lio_ros2/install/_local_setup_util_sh.py'
[126.173s] INFO:colcon.colcon_core.shell:Creating prefix chain script '/home/wheeltec/lierrong_ws/src/point_lio_ros2/install/setup.sh'
[126.177s] INFO:colcon.colcon_core.shell:Creating prefix script '/home/wheeltec/lierrong_ws/src/point_lio_ros2/install/local_setup.bash'
[126.178s] INFO:colcon.colcon_core.shell:Creating prefix chain script '/home/wheeltec/lierrong_ws/src/point_lio_ros2/install/setup.bash'
[126.181s] INFO:colcon.colcon_core.shell:Creating prefix script '/home/wheeltec/lierrong_ws/src/point_lio_ros2/install/local_setup.zsh'
[126.182s] INFO:colcon.colcon_core.shell:Creating prefix chain script '/home/wheeltec/lierrong_ws/src/point_lio_ros2/install/setup.zsh'
