-- The C compiler identification is GNU 9.4.0
-- The CXX compiler identification is GNU 9.4.0
-- Check for working C compiler: /usr/bin/cc
-- Check for working C compiler: /usr/bin/cc -- works
-- Detecting C compiler ABI info
-- Detecting C compiler ABI info - done
-- Detecting C compile features
-- Detecting C compile features - done
-- Check for working CXX compiler: /usr/bin/c++
-- Check for working CXX compiler: /usr/bin/c++ -- works
-- Detecting CXX compiler ABI info
-- Detecting CXX compiler ABI info - done
-- Detecting CXX compile features
-- Detecting CXX compile features - done
-- Current CPU architecture: aarch64
-- Found ament_cmake: 0.9.12 (/opt/ros/foxy/share/ament_cmake/cmake)
-- Found PythonInterp: /usr/bin/python3 (found suitable version "3.8.10", minimum required is "3") 
-- Using PYTHON_EXECUTABLE: /usr/bin/python3
-- Found rclcpp: 2.4.3 (/opt/ros/foxy/share/rclcpp/cmake)
-- Using all available rosidl_typesupport_c: rosidl_typesupport_fastrtps_c;rosidl_typesupport_introspection_c
-- Found rosidl_adapter: 1.3.1 (/opt/ros/foxy/share/rosidl_adapter/cmake)
-- Found OpenSSL: /usr/lib/aarch64-linux-gnu/libcrypto.so (found version "1.1.1f")  
-- Found FastRTPS: /opt/ros/foxy/include  
-- Using all available rosidl_typesupport_cpp: rosidl_typesupport_fastrtps_cpp;rosidl_typesupport_introspection_cpp
-- Found rmw_implementation_cmake: 1.0.4 (/opt/ros/foxy/share/rmw_implementation_cmake/cmake)
-- Using RMW implementation 'rmw_fastrtps_cpp' as default
-- Looking for pthread.h
-- Looking for pthread.h - found
-- Performing Test CMAKE_HAVE_LIBC_PTHREAD
-- Performing Test CMAKE_HAVE_LIBC_PTHREAD - Failed
-- Looking for pthread_create in pthreads
-- Looking for pthread_create in pthreads - not found
-- Looking for pthread_create in pthread
-- Looking for pthread_create in pthread - found
-- Found Threads: TRUE  
-- Found rclpy: 1.0.13 (/opt/ros/foxy/share/rclpy/cmake)
-- Found geometry_msgs: 2.0.5 (/opt/ros/foxy/share/geometry_msgs/cmake)
-- Found nav_msgs: 2.0.5 (/opt/ros/foxy/share/nav_msgs/cmake)
-- Found sensor_msgs: 2.0.5 (/opt/ros/foxy/share/sensor_msgs/cmake)
-- Found pcl_ros: 2.2.1 (/opt/ros/foxy/share/pcl_ros/cmake)
-- Found eigen3_cmake_module: 0.1.1 (/opt/ros/foxy/share/eigen3_cmake_module/cmake)
-- Found Eigen3: TRUE (found version "3.3.7") 
-- Checking for module 'eigen3'
--   Found eigen3, version 3.3.7
-- Found Eigen: /usr/include/eigen3 (Required is at least version "3.1") 
-- Eigen found (include: /usr/include/eigen3, version: 3.3.7)
-- Checking for module 'flann'
--   Found flann, version 1.9.1
-- Found FLANN: /usr/lib/aarch64-linux-gnu/libflann_cpp.so  
-- The imported target "vtkParseOGLExt" references the file
   "/usr/bin/vtkParseOGLExt-7.1"
but this file does not exist.  Possible reasons include:
* The file was deleted, renamed, or moved to another location.
* An install or uninstall procedure did not complete successfully.
* The installation package was faulty and contained
   "/usr/lib/cmake/vtk-7.1/VTKTargets.cmake"
but not all the files it references.

-- The imported target "vtkRenderingPythonTkWidgets" references the file
   "/usr/lib/aarch64-linux-gnu/libvtkRenderingPythonTkWidgets.so"
but this file does not exist.  Possible reasons include:
* The file was deleted, renamed, or moved to another location.
* An install or uninstall procedure did not complete successfully.
* The installation package was faulty and contained
   "/usr/lib/cmake/vtk-7.1/VTKTargets.cmake"
but not all the files it references.

-- The imported target "vtk" references the file
   "/usr/bin/vtk"
but this file does not exist.  Possible reasons include:
* The file was deleted, renamed, or moved to another location.
* An install or uninstall procedure did not complete successfully.
* The installation package was faulty and contained
   "/usr/lib/cmake/vtk-7.1/VTKTargets.cmake"
but not all the files it references.

-- The imported target "pvtk" references the file
   "/usr/bin/pvtk"
but this file does not exist.  Possible reasons include:
* The file was deleted, renamed, or moved to another location.
* An install or uninstall procedure did not complete successfully.
* The installation package was faulty and contained
   "/usr/lib/cmake/vtk-7.1/VTKTargets.cmake"
but not all the files it references.

-- Checking for module 'libusb-1.0'
--   Found libusb-1.0, version 1.0.23
-- Found USB_10: /usr/lib/aarch64-linux-gnu/libusb-1.0.so  
-- OpenNI found (include: /usr/include/ni, lib: /usr/lib/libOpenNI.so)
-- OpenNI2 found (include: /usr/include/openni2, lib: /usr/lib/libOpenNI2.so)
-- Found libusb-1.0: /usr/include  
-- OpenNI found (include: /usr/include/ni, lib: /usr/lib/libOpenNI.so)
-- OpenNI2 found (include: /usr/include/openni2, lib: /usr/lib/libOpenNI2.so)
-- Found Qhull: optimized;/usr/lib/aarch64-linux-gnu/libqhull.so;debug;/usr/lib/aarch64-linux-gnu/libqhull.so  
-- QHULL found (include: /usr/include, lib: optimized;/usr/lib/aarch64-linux-gnu/libqhull.so;debug;/usr/lib/aarch64-linux-gnu/libqhull.so)
-- OpenNI found (include: /usr/include/ni, lib: /usr/lib/libOpenNI.so)
-- Found PCL_COMMON: /usr/lib/aarch64-linux-gnu/libpcl_common.so  
-- Found PCL_KDTREE: /usr/lib/aarch64-linux-gnu/libpcl_kdtree.so  
-- Found PCL_OCTREE: /usr/lib/aarch64-linux-gnu/libpcl_octree.so  
-- Found PCL_SEARCH: /usr/lib/aarch64-linux-gnu/libpcl_search.so  
-- Found PCL_SAMPLE_CONSENSUS: /usr/lib/aarch64-linux-gnu/libpcl_sample_consensus.so  
-- Found PCL_FILTERS: /usr/lib/aarch64-linux-gnu/libpcl_filters.so  
-- Found PCL_2D: /usr/include/pcl-1.10  
-- Found PCL_GEOMETRY: /usr/include/pcl-1.10  
-- Found PCL_IO: /usr/lib/aarch64-linux-gnu/libpcl_io.so  
-- Found PCL_FEATURES: /usr/lib/aarch64-linux-gnu/libpcl_features.so  
-- Found PCL_ML: /usr/lib/aarch64-linux-gnu/libpcl_ml.so  
-- Found PCL_SEGMENTATION: /usr/lib/aarch64-linux-gnu/libpcl_segmentation.so  
-- Found PCL_VISUALIZATION: /usr/lib/aarch64-linux-gnu/libpcl_visualization.so  
-- Found PCL_SURFACE: /usr/lib/aarch64-linux-gnu/libpcl_surface.so  
-- Found PCL_REGISTRATION: /usr/lib/aarch64-linux-gnu/libpcl_registration.so  
-- Found PCL_KEYPOINTS: /usr/lib/aarch64-linux-gnu/libpcl_keypoints.so  
-- Found PCL_TRACKING: /usr/lib/aarch64-linux-gnu/libpcl_tracking.so  
-- Found PCL_RECOGNITION: /usr/lib/aarch64-linux-gnu/libpcl_recognition.so  
-- Found PCL_STEREO: /usr/lib/aarch64-linux-gnu/libpcl_stereo.so  
-- Found PCL_APPS: /usr/lib/aarch64-linux-gnu/libpcl_apps.so  
-- Found PCL_IN_HAND_SCANNER: /usr/include/pcl-1.10  
-- Found PCL_POINT_CLOUD_EDITOR: /usr/include/pcl-1.10  
-- Found PCL_OUTOFCORE: /usr/lib/aarch64-linux-gnu/libpcl_outofcore.so  
-- Found PCL_PEOPLE: /usr/lib/aarch64-linux-gnu/libpcl_people.so  
-- Found visualization_msgs: 2.0.5 (/opt/ros/foxy/share/visualization_msgs/cmake)
-- Found PythonLibs: /usr/lib/aarch64-linux-gnu/libpython3.8.so (found version "3.8.10") 
-- Configuring done
-- Generating done
-- Build files have been written to: /home/wheeltec/lierrong_ws/src/point_lio_ros2/build/point_lio
[35m[1mScanning dependencies of target pointlio_mapping[0m
[ 16%] [32mBuilding CXX object CMakeFiles/pointlio_mapping.dir/src/laserMapping.cpp.o[0m
[ 33%] [32mBuilding CXX object CMakeFiles/pointlio_mapping.dir/include/ikd-Tree/ikd_Tree.cpp.o[0m
[ 50%] [32mBuilding CXX object CMakeFiles/pointlio_mapping.dir/src/parameters.cpp.o[0m
[ 83%] [32mBuilding CXX object CMakeFiles/pointlio_mapping.dir/src/Estimator.cpp.o[0m
[ 83%] [32mBuilding CXX object CMakeFiles/pointlio_mapping.dir/src/preprocess.cpp.o[0m
[100%] [32m[1mLinking CXX executable pointlio_mapping[0m
[100%] Built target pointlio_mapping
-- Install configuration: ""
-- Installing: /home/wheeltec/lierrong_ws/src/point_lio_ros2/install/point_lio/lib/point_lio/pointlio_mapping
-- Set runtime path of "/home/wheeltec/lierrong_ws/src/point_lio_ros2/install/point_lio/lib/point_lio/pointlio_mapping" to ""
-- Installing: /home/wheeltec/lierrong_ws/src/point_lio_ros2/install/point_lio/share/point_lio/config
-- Installing: /home/wheeltec/lierrong_ws/src/point_lio_ros2/install/point_lio/share/point_lio/config/avia.yaml
-- Installing: /home/wheeltec/lierrong_ws/src/point_lio_ros2/install/point_lio/share/point_lio/config/unilidar_l1.yaml
-- Installing: /home/wheeltec/lierrong_ws/src/point_lio_ros2/install/point_lio/share/point_lio/config/ouster64.yaml
-- Installing: /home/wheeltec/lierrong_ws/src/point_lio_ros2/install/point_lio/share/point_lio/config/unilidar_l2.yaml
-- Installing: /home/wheeltec/lierrong_ws/src/point_lio_ros2/install/point_lio/share/point_lio/config/mid360.yaml
-- Installing: /home/wheeltec/lierrong_ws/src/point_lio_ros2/install/point_lio/share/point_lio/config/horizon.yaml
-- Installing: /home/wheeltec/lierrong_ws/src/point_lio_ros2/install/point_lio/share/point_lio/config/velody16.yaml
-- Installing: /home/wheeltec/lierrong_ws/src/point_lio_ros2/install/point_lio/share/point_lio/launch
-- Installing: /home/wheeltec/lierrong_ws/src/point_lio_ros2/install/point_lio/share/point_lio/launch/mapping_unilidar_l1.launch.py
-- Installing: /home/wheeltec/lierrong_ws/src/point_lio_ros2/install/point_lio/share/point_lio/launch/mapping_ouster64.launch.py
-- Installing: /home/wheeltec/lierrong_ws/src/point_lio_ros2/install/point_lio/share/point_lio/launch/gdb_debug_example.launch.py
-- Installing: /home/wheeltec/lierrong_ws/src/point_lio_ros2/install/point_lio/share/point_lio/launch/correct_odom_unilidar_l1.launch.py
-- Installing: /home/wheeltec/lierrong_ws/src/point_lio_ros2/install/point_lio/share/point_lio/launch/mapping_velody16.launch.py
-- Installing: /home/wheeltec/lierrong_ws/src/point_lio_ros2/install/point_lio/share/point_lio/launch/mapping_avia.launch.py
-- Installing: /home/wheeltec/lierrong_ws/src/point_lio_ros2/install/point_lio/share/point_lio/launch/correct_odom_unilidar_l2.launch.py
-- Installing: /home/wheeltec/lierrong_ws/src/point_lio_ros2/install/point_lio/share/point_lio/launch/mapping_horizon.launch.py
-- Installing: /home/wheeltec/lierrong_ws/src/point_lio_ros2/install/point_lio/share/point_lio/launch/mapping_unilidar_l2.launch.py
-- Installing: /home/wheeltec/lierrong_ws/src/point_lio_ros2/install/point_lio/share/point_lio/launch/mapping_mid360.launch.py
-- Installing: /home/wheeltec/lierrong_ws/src/point_lio_ros2/install/point_lio/share/point_lio/rviz_cfg
-- Installing: /home/wheeltec/lierrong_ws/src/point_lio_ros2/install/point_lio/share/point_lio/rviz_cfg/loam_livox.rviz
-- Installing: /home/wheeltec/lierrong_ws/src/point_lio_ros2/install/point_lio/share/ament_index/resource_index/package_run_dependencies/point_lio
-- Installing: /home/wheeltec/lierrong_ws/src/point_lio_ros2/install/point_lio/share/ament_index/resource_index/parent_prefix_path/point_lio
-- Installing: /home/wheeltec/lierrong_ws/src/point_lio_ros2/install/point_lio/share/point_lio/environment/ament_prefix_path.sh
-- Installing: /home/wheeltec/lierrong_ws/src/point_lio_ros2/install/point_lio/share/point_lio/environment/ament_prefix_path.dsv
-- Installing: /home/wheeltec/lierrong_ws/src/point_lio_ros2/install/point_lio/share/point_lio/environment/path.sh
-- Installing: /home/wheeltec/lierrong_ws/src/point_lio_ros2/install/point_lio/share/point_lio/environment/path.dsv
-- Installing: /home/wheeltec/lierrong_ws/src/point_lio_ros2/install/point_lio/share/point_lio/local_setup.bash
-- Installing: /home/wheeltec/lierrong_ws/src/point_lio_ros2/install/point_lio/share/point_lio/local_setup.sh
-- Installing: /home/wheeltec/lierrong_ws/src/point_lio_ros2/install/point_lio/share/point_lio/local_setup.zsh
-- Installing: /home/wheeltec/lierrong_ws/src/point_lio_ros2/install/point_lio/share/point_lio/local_setup.dsv
-- Installing: /home/wheeltec/lierrong_ws/src/point_lio_ros2/install/point_lio/share/point_lio/package.dsv
-- Installing: /home/wheeltec/lierrong_ws/src/point_lio_ros2/install/point_lio/share/ament_index/resource_index/packages/point_lio
-- Installing: /home/wheeltec/lierrong_ws/src/point_lio_ros2/install/point_lio/share/point_lio/cmake/ament_cmake_export_dependencies-extras.cmake
-- Installing: /home/wheeltec/lierrong_ws/src/point_lio_ros2/install/point_lio/share/point_lio/cmake/point_lioConfig.cmake
-- Installing: /home/wheeltec/lierrong_ws/src/point_lio_ros2/install/point_lio/share/point_lio/cmake/point_lioConfig-version.cmake
-- Installing: /home/wheeltec/lierrong_ws/src/point_lio_ros2/install/point_lio/share/point_lio/package.xml
